# JRE version: OpenJDK Runtime Environment (8.0_152-b01) (build 1.8.0_152-release-915-b01)
# Java VM: OpenJDK 64-Bit Server VM (25.152-b01 mixed mode linux-amd64 compressed oops)
Heap:
 PSYoungGen      total 112640K, used 14319K [0x00000000eab00000, 0x00000000f3d80000, 0x0000000100000000)
  eden space 98304K, 0% used [0x00000000eab00000,0x00000000eab00000,0x00000000f0b00000)
  from space 14336K, 99% used [0x00000000f2f80000,0x00000000f3d7bec0,0x00000000f3d80000)
  to   space 11264K, 0% used [0x00000000f0b00000,0x00000000f0b00000,0x00000000f1600000)
 ParOldGen       total 53760K, used 25118K [0x00000000c0000000, 0x00000000c3480000, 0x00000000eab00000)
  object space 53760K, 46% used [0x00000000c0000000,0x00000000c1887830,0x00000000c3480000)
 Metaspace       used 56934K, capacity 58898K, committed 59028K, reserved 1099776K
  class space    used 7649K, capacity 8079K, committed 8192K, reserved 1048576K
GC Heap History (10 events):
Event: 5.389 GC heap after
Heap after GC invocations=11 (full 1):
 PSYoungGen      total 87552K, used 7280K [0x00000000eab00000, 0x00000000f0b80000, 0x0000000100000000)
  eden space 79872K, 0% used [0x00000000eab00000,0x00000000eab00000,0x00000000ef900000)
  from space 7680K, 94% used [0x00000000f0400000,0x00000000f0b1c3b0,0x00000000f0b80000)
  to   space 9216K, 0% used [0x00000000ef980000,0x00000000ef980000,0x00000000f0280000)
 ParOldGen       total 34816K, used 8809K [0x00000000c0000000, 0x00000000c2200000, 0x00000000eab00000)
  object space 34816K, 25% used [0x00000000c0000000,0x00000000c089a5a0,0x00000000c2200000)
 Metaspace       used 29721K, capacity 30212K, committed 30464K, reserved 1075200K
  class space    used 4058K, capacity 4233K, committed 4352K, reserved 1048576K
}
Event: 7.364 GC heap before
{Heap before GC invocations=12 (full 1):
 PSYoungGen      total 87552K, used 61287K [0x00000000eab00000, 0x00000000f0b80000, 0x0000000100000000)
  eden space 79872K, 67% used [0x00000000eab00000,0x00000000edfbd8f8,0x00000000ef900000)
  from space 7680K, 94% used [0x00000000f0400000,0x00000000f0b1c3b0,0x00000000f0b80000)
  to   space 9216K, 0% used [0x00000000ef980000,0x00000000ef980000,0x00000000f0280000)
 ParOldGen       total 34816K, used 8809K [0x00000000c0000000, 0x00000000c2200000, 0x00000000eab00000)
  object space 34816K, 25% used [0x00000000c0000000,0x00000000c089a5a0,0x00000000c2200000)
 Metaspace       used 34583K, capacity 35206K, committed 35416K, reserved 1079296K
  class space    used 4693K, capacity 4906K, committed 4992K, reserved 1048576K
Event: 7.403 GC heap after
Heap after GC invocations=12 (full 1):
 PSYoungGen      total 89600K, used 9190K [0x00000000eab00000, 0x00000000f2000000, 0x0000000100000000)
  eden space 80384K, 0% used [0x00000000eab00000,0x00000000eab00000,0x00000000ef980000)
  from space 9216K, 99% used [0x00000000ef980000,0x00000000f02798f0,0x00000000f0280000)
  to   space 10240K, 0% used [0x00000000f1600000,0x00000000f1600000,0x00000000f2000000)
 ParOldGen       total 34816K, used 8861K [0x00000000c0000000, 0x00000000c2200000, 0x00000000eab00000)
  object space 34816K, 25% used [0x00000000c0000000,0x00000000c08a7678,0x00000000c2200000)
 Metaspace       used 34583K, capacity 35206K, committed 35416K, reserved 1079296K
  class space    used 4693K, capacity 4906K, committed 4992K, reserved 1048576K
}
Event: 7.404 GC heap before
{Heap before GC invocations=13 (full 2):
 PSYoungGen      total 89600K, used 9190K [0x00000000eab00000, 0x00000000f2000000, 0x0000000100000000)
  eden space 80384K, 0% used [0x00000000eab00000,0x00000000eab00000,0x00000000ef980000)
  from space 9216K, 99% used [0x00000000ef980000,0x00000000f02798f0,0x00000000f0280000)
  to   space 10240K, 0% used [0x00000000f1600000,0x00000000f1600000,0x00000000f2000000)
 ParOldGen       total 34816K, used 8861K [0x00000000c0000000, 0x00000000c2200000, 0x00000000eab00000)
  object space 34816K, 25% used [0x00000000c0000000,0x00000000c08a7678,0x00000000c2200000)
 Metaspace       used 34583K, capacity 35206K, committed 35416K, reserved 1079296K
  class space    used 4693K, capacity 4906K, committed 4992K, reserved 1048576K
Event: 7.650 GC heap after
Heap after GC invocations=13 (full 2):
 PSYoungGen      total 89600K, used 0K [0x00000000eab00000, 0x00000000f2000000, 0x0000000100000000)
  eden space 80384K, 0% used [0x00000000eab00000,0x00000000eab00000,0x00000000ef980000)
  from space 9216K, 0% used [0x00000000ef980000,0x00000000ef980000,0x00000000f0280000)
  to   space 10240K, 0% used [0x00000000f1600000,0x00000000f1600000,0x00000000f2000000)
 ParOldGen       total 53760K, used 15593K [0x00000000c0000000, 0x00000000c3480000, 0x00000000eab00000)
  object space 53760K, 29% used [0x00000000c0000000,0x00000000c0f3a418,0x00000000c3480000)
 Metaspace       used 34583K, capacity 35206K, committed 35416K, reserved 1079296K
  class space    used 4693K, capacity 4906K, committed 4992K, reserved 1048576K
}
Event: 9.406 GC heap before
{Heap before GC invocations=14 (full 2):
 PSYoungGen      total 89600K, used 80384K [0x00000000eab00000, 0x00000000f2000000, 0x0000000100000000)
  eden space 80384K, 100% used [0x00000000eab00000,0x00000000ef980000,0x00000000ef980000)
  from space 9216K, 0% used [0x00000000ef980000,0x00000000ef980000,0x00000000f0280000)
  to   space 10240K, 0% used [0x00000000f1600000,0x00000000f1600000,0x00000000f2000000)
 ParOldGen       total 53760K, used 15593K [0x00000000c0000000, 0x00000000c3480000, 0x00000000eab00000)
  object space 53760K, 29% used [0x00000000c0000000,0x00000000c0f3a418,0x00000000c3480000)
 Metaspace       used 40054K, capacity 40626K, committed 40920K, reserved 1085440K
  class space    used 5329K, capacity 5548K, committed 5632K, reserved 1048576K
Event: 9.422 GC heap after
Heap after GC invocations=14 (full 2):
 PSYoungGen      total 108544K, used 8884K [0x00000000eab00000, 0x00000000f2280000, 0x0000000100000000)
  eden space 98304K, 0% used [0x00000000eab00000,0x00000000eab00000,0x00000000f0b00000)
  from space 10240K, 86% used [0x00000000f1600000,0x00000000f1ead1a0,0x00000000f2000000)
  to   space 11264K, 0% used [0x00000000f0b00000,0x00000000f0b00000,0x00000000f1600000)
 ParOldGen       total 53760K, used 15601K [0x00000000c0000000, 0x00000000c3480000, 0x00000000eab00000)
  object space 53760K, 29% used [0x00000000c0000000,0x00000000c0f3c418,0x00000000c3480000)
 Metaspace       used 40054K, capacity 40626K, committed 40920K, reserved 1085440K
  class space    used 5329K, capacity 5548K, committed 5632K, reserved 1048576K
}
Event: 13.558 GC heap before
{Heap before GC invocations=15 (full 2):
 PSYoungGen      total 108544K, used 107188K [0x00000000eab00000, 0x00000000f2280000, 0x0000000100000000)
  eden space 98304K, 100% used [0x00000000eab00000,0x00000000f0b00000,0x00000000f0b00000)
  from space 10240K, 86% used [0x00000000f1600000,0x00000000f1ead1a0,0x00000000f2000000)
  to   space 11264K, 0% used [0x00000000f0b00000,0x00000000f0b00000,0x00000000f1600000)
 ParOldGen       total 53760K, used 15601K [0x00000000c0000000, 0x00000000c3480000, 0x00000000eab00000)
  object space 53760K, 29% used [0x00000000c0000000,0x00000000c0f3c418,0x00000000c3480000)
 Metaspace       used 48948K, capacity 50282K, committed 50520K, reserved 1093632K
  class space    used 6604K, capacity 6991K, committed 7040K, reserved 1048576K
Event: 13.707 GC heap after
Heap after GC invocations=15 (full 2):
 PSYoungGen      total 109568K, used 11251K [0x00000000eab00000, 0x00000000f3d80000, 0x0000000100000000)
  eden space 98304K, 0% used [0x00000000eab00000,0x00000000eab00000,0x00000000f0b00000)
  from space 11264K, 99% used [0x00000000f0b00000,0x00000000f15fcf90,0x00000000f1600000)
  to   space 14336K, 0% used [0x00000000f2f80000,0x00000000f2f80000,0x00000000f3d80000)
 ParOldGen       total 53760K, used 19212K [0x00000000c0000000, 0x00000000c3480000, 0x00000000eab00000)
  object space 53760K, 35% used [0x00000000c0000000,0x00000000c12c3160,0x00000000c3480000)
 Metaspace       used 48948K, capacity 50282K, committed 50520K, reserved 1093632K
  class space    used 6604K, capacity 6991K, committed 7040K, reserved 1048576K
}
Event: 32.746 GC heap before
{Heap before GC invocations=16 (full 2):
 PSYoungGen      total 109568K, used 100723K [0x00000000eab00000, 0x00000000f3d80000, 0x0000000100000000)
  eden space 98304K, 91% used [0x00000000eab00000,0x00000000f025ff58,0x00000000f0b00000)
  from space 11264K, 99% used [0x00000000f0b00000,0x00000000f15fcf90,0x00000000f1600000)
  to   space 14336K, 0% used [0x00000000f2f80000,0x00000000f2f80000,0x00000000f3d80000)
 ParOldGen       total 53760K, used 19212K [0x00000000c0000000, 0x00000000c3480000, 0x00000000eab00000)
  object space 53760K, 35% used [0x00000000c0000000,0x00000000c12c3160,0x00000000c3480000)
 Metaspace       used 56934K, capacity 58898K, committed 59028K, reserved 1099776K
  class space    used 7649K, capacity 8079K, committed 8192K, reserved 1048576K

