# JRE version: OpenJDK Runtime Environment (8.0_152-b01) (build 1.8.0_152-release-915-b01)
# Java VM: OpenJDK 64-Bit Server VM (25.152-b01 mixed mode linux-amd64 compressed oops)
Heap:
 PSYoungGen      total 195584K, used 13802K [0x00000000e0000000, 0x00000000ecc80000, 0x0000000100000000)
  eden space 181760K, 0% used [0x00000000e0000000,0x00000000e0000000,0x00000000eb180000)
  from space 13824K, 99% used [0x00000000eb180000,0x00000000ebefaa38,0x00000000ebf00000)
  to   space 11264K, 0% used [0x00000000ec080000,0x00000000ec080000,0x00000000ecb80000)
 ParOldGen       total 41984K, used 30026K [0x00000000a0000000, 0x00000000a2900000, 0x00000000e0000000)
  object space 41984K, 71% used [0x00000000a0000000,0x00000000a1d52a48,0x00000000a2900000)
 Metaspace       used 56952K, capacity 58892K, committed 59028K, reserved 1099776K
  class space    used 7642K, capacity 8078K, committed 8192K, reserved 1048576K
GC Heap History (10 events):
Event: 3.972 GC heap after
Heap after GC invocations=8 (full 1):
 PSYoungGen      total 71168K, used 0K [0x00000000e0000000, 0x00000000e8b00000, 0x0000000100000000)
  eden space 62464K, 0% used [0x00000000e0000000,0x00000000e0000000,0x00000000e3d00000)
  from space 8704K, 0% used [0x00000000e3d00000,0x00000000e3d00000,0x00000000e4580000)
  to   space 8704K, 0% used [0x00000000e8280000,0x00000000e8280000,0x00000000e8b00000)
 ParOldGen       total 31232K, used 9890K [0x00000000a0000000, 0x00000000a1e80000, 0x00000000e0000000)
  object space 31232K, 31% used [0x00000000a0000000,0x00000000a09a8a70,0x00000000a1e80000)
 Metaspace       used 20759K, capacity 21090K, committed 21248K, reserved 1067008K
  class space    used 2862K, capacity 3016K, committed 3072K, reserved 1048576K
}
Event: 4.868 GC heap before
{Heap before GC invocations=9 (full 1):
 PSYoungGen      total 71168K, used 62464K [0x00000000e0000000, 0x00000000e8b00000, 0x0000000100000000)
  eden space 62464K, 100% used [0x00000000e0000000,0x00000000e3d00000,0x00000000e3d00000)
  from space 8704K, 0% used [0x00000000e3d00000,0x00000000e3d00000,0x00000000e4580000)
  to   space 8704K, 0% used [0x00000000e8280000,0x00000000e8280000,0x00000000e8b00000)
 ParOldGen       total 31232K, used 9890K [0x00000000a0000000, 0x00000000a1e80000, 0x00000000e0000000)
  object space 31232K, 31% used [0x00000000a0000000,0x00000000a09a8a70,0x00000000a1e80000)
 Metaspace       used 25779K, capacity 26276K, committed 26496K, reserved 1073152K
  class space    used 3526K, capacity 3689K, committed 3712K, reserved 1048576K
Event: 4.884 GC heap after
Heap after GC invocations=9 (full 1):
 PSYoungGen      total 127488K, used 6697K [0x00000000e0000000, 0x00000000e8980000, 0x0000000100000000)
  eden space 120320K, 0% used [0x00000000e0000000,0x00000000e0000000,0x00000000e7580000)
  from space 7168K, 93% used [0x00000000e8280000,0x00000000e890a658,0x00000000e8980000)
  to   space 9216K, 0% used [0x00000000e7780000,0x00000000e7780000,0x00000000e8080000)
 ParOldGen       total 31232K, used 9890K [0x00000000a0000000, 0x00000000a1e80000, 0x00000000e0000000)
  object space 31232K, 31% used [0x00000000a0000000,0x00000000a09a8a70,0x00000000a1e80000)
 Metaspace       used 25779K, capacity 26276K, committed 26496K, reserved 1073152K
  class space    used 3526K, capacity 3689K, committed 3712K, reserved 1048576K
}
Event: 7.573 GC heap before
{Heap before GC invocations=10 (full 1):
 PSYoungGen      total 127488K, used 121762K [0x00000000e0000000, 0x00000000e8980000, 0x0000000100000000)
  eden space 120320K, 95% used [0x00000000e0000000,0x00000000e705e2b0,0x00000000e7580000)
  from space 7168K, 93% used [0x00000000e8280000,0x00000000e890a658,0x00000000e8980000)
  to   space 9216K, 0% used [0x00000000e7780000,0x00000000e7780000,0x00000000e8080000)
 ParOldGen       total 31232K, used 9890K [0x00000000a0000000, 0x00000000a1e80000, 0x00000000e0000000)
  object space 31232K, 31% used [0x00000000a0000000,0x00000000a09a8a70,0x00000000a1e80000)
 Metaspace       used 34626K, capacity 35206K, committed 35416K, reserved 1079296K
  class space    used 4689K, capacity 4906K, committed 4992K, reserved 1048576K
Event: 7.591 GC heap after
Heap after GC invocations=10 (full 1):
 PSYoungGen      total 131584K, used 9199K [0x00000000e0000000, 0x00000000ecb80000, 0x0000000100000000)
  eden space 122368K, 0% used [0x00000000e0000000,0x00000000e0000000,0x00000000e7780000)
  from space 9216K, 99% used [0x00000000e7780000,0x00000000e807bc50,0x00000000e8080000)
  to   space 11264K, 0% used [0x00000000ec080000,0x00000000ec080000,0x00000000ecb80000)
 ParOldGen       total 31232K, used 12286K [0x00000000a0000000, 0x00000000a1e80000, 0x00000000e0000000)
  object space 31232K, 39% used [0x00000000a0000000,0x00000000a0bff9c0,0x00000000a1e80000)
 Metaspace       used 34626K, capacity 35206K, committed 35416K, reserved 1079296K
  class space    used 4689K, capacity 4906K, committed 4992K, reserved 1048576K
}
Event: 7.591 GC heap before
{Heap before GC invocations=11 (full 2):
 PSYoungGen      total 131584K, used 9199K [0x00000000e0000000, 0x00000000ecb80000, 0x0000000100000000)
  eden space 122368K, 0% used [0x00000000e0000000,0x00000000e0000000,0x00000000e7780000)
  from space 9216K, 99% used [0x00000000e7780000,0x00000000e807bc50,0x00000000e8080000)
  to   space 11264K, 0% used [0x00000000ec080000,0x00000000ec080000,0x00000000ecb80000)
 ParOldGen       total 31232K, used 12286K [0x00000000a0000000, 0x00000000a1e80000, 0x00000000e0000000)
  object space 31232K, 39% used [0x00000000a0000000,0x00000000a0bff9c0,0x00000000a1e80000)
 Metaspace       used 34626K, capacity 35206K, committed 35416K, reserved 1079296K
  class space    used 4689K, capacity 4906K, committed 4992K, reserved 1048576K
Event: 7.702 GC heap after
Heap after GC invocations=11 (full 2):
 PSYoungGen      total 131584K, used 0K [0x00000000e0000000, 0x00000000ecb80000, 0x0000000100000000)
  eden space 122368K, 0% used [0x00000000e0000000,0x00000000e0000000,0x00000000e7780000)
  from space 9216K, 0% used [0x00000000e7780000,0x00000000e7780000,0x00000000e8080000)
  to   space 11264K, 0% used [0x00000000ec080000,0x00000000ec080000,0x00000000ecb80000)
 ParOldGen       total 41984K, used 17830K [0x00000000a0000000, 0x00000000a2900000, 0x00000000e0000000)
  object space 41984K, 42% used [0x00000000a0000000,0x00000000a1169860,0x00000000a2900000)
 Metaspace       used 34626K, capacity 35206K, committed 35416K, reserved 1079296K
  class space    used 4689K, capacity 4906K, committed 4992K, reserved 1048576K
}
Event: 15.646 GC heap before
{Heap before GC invocations=12 (full 2):
 PSYoungGen      total 131584K, used 122368K [0x00000000e0000000, 0x00000000ecb80000, 0x0000000100000000)
  eden space 122368K, 100% used [0x00000000e0000000,0x00000000e7780000,0x00000000e7780000)
  from space 9216K, 0% used [0x00000000e7780000,0x00000000e7780000,0x00000000e8080000)
  to   space 11264K, 0% used [0x00000000ec080000,0x00000000ec080000,0x00000000ecb80000)
 ParOldGen       total 41984K, used 17830K [0x00000000a0000000, 0x00000000a2900000, 0x00000000e0000000)
  object space 41984K, 42% used [0x00000000a0000000,0x00000000a1169860,0x00000000a2900000)
 Metaspace       used 45426K, capacity 46242K, committed 46552K, reserved 1089536K
  class space    used 6089K, capacity 6371K, committed 6400K, reserved 1048576K
Event: 15.703 GC heap after
Heap after GC invocations=12 (full 2):
 PSYoungGen      total 193024K, used 11242K [0x00000000e0000000, 0x00000000ecc80000, 0x0000000100000000)
  eden space 181760K, 0% used [0x00000000e0000000,0x00000000e0000000,0x00000000eb180000)
  from space 11264K, 99% used [0x00000000ec080000,0x00000000ecb7aa48,0x00000000ecb80000)
  to   space 13824K, 0% used [0x00000000eb180000,0x00000000eb180000,0x00000000ebf00000)
 ParOldGen       total 41984K, used 20329K [0x00000000a0000000, 0x00000000a2900000, 0x00000000e0000000)
  object space 41984K, 48% used [0x00000000a0000000,0x00000000a13da698,0x00000000a2900000)
 Metaspace       used 45426K, capacity 46242K, committed 46552K, reserved 1089536K
  class space    used 6089K, capacity 6371K, committed 6400K, reserved 1048576K
}
Event: 36.179 GC heap before
{Heap before GC invocations=13 (full 2):
 PSYoungGen      total 193024K, used 161833K [0x00000000e0000000, 0x00000000ecc80000, 0x0000000100000000)
  eden space 181760K, 82% used [0x00000000e0000000,0x00000000e930fda0,0x00000000eb180000)
  from space 11264K, 99% used [0x00000000ec080000,0x00000000ecb7aa48,0x00000000ecb80000)
  to   space 13824K, 0% used [0x00000000eb180000,0x00000000eb180000,0x00000000ebf00000)
 ParOldGen       total 41984K, used 20329K [0x00000000a0000000, 0x00000000a2900000, 0x00000000e0000000)
  object space 41984K, 48% used [0x00000000a0000000,0x00000000a13da698,0x00000000a2900000)
 Metaspace       used 56952K, capacity 58892K, committed 59028K, reserved 1099776K
  class space    used 7642K, capacity 8078K, committed 8192K, reserved 1048576K

