# JRE version: OpenJDK Runtime Environment (8.0_152-b01) (build 1.8.0_152-release-915-b01)
# Java VM: OpenJDK 64-Bit Server VM (25.152-b01 mixed mode linux-amd64 compressed oops)
Heap:
 PSYoungGen      total 196096K, used 7180K [0x00000000e0000000, 0x00000000ed300000, 0x0000000100000000)
  eden space 176640K, 0% used [0x00000000e0000000,0x00000000e0000000,0x00000000eac80000)
  from space 19456K, 36% used [0x00000000eac80000,0x00000000eb383208,0x00000000ebf80000)
  to   space 14848K, 0% used [0x00000000ebf80000,0x00000000ebf80000,0x00000000ece00000)
 ParOldGen       total 89600K, used 33594K [0x00000000a0000000, 0x00000000a5780000, 0x00000000e0000000)
  object space 89600K, 37% used [0x00000000a0000000,0x00000000a20ce888,0x00000000a5780000)
 Metaspace       used 62069K, capacity 64462K, committed 64600K, reserved 1105920K
  class space    used 8121K, capacity 8723K, committed 8832K, reserved 1048576K
GC Heap History (10 events):
Event: 7.948 GC heap after
Heap after GC invocations=9 (full 1):
 PSYoungGen      total 151552K, used 7604K [0x00000000e0000000, 0x00000000ece80000, 0x0000000100000000)
  eden space 139264K, 0% used [0x00000000e0000000,0x00000000e0000000,0x00000000e8800000)
  from space 12288K, 61% used [0x00000000e9400000,0x00000000e9b6d330,0x00000000ea000000)
  to   space 12288K, 0% used [0x00000000e8800000,0x00000000e8800000,0x00000000e9400000)
 ParOldGen       total 46592K, used 13844K [0x00000000a0000000, 0x00000000a2d80000, 0x00000000e0000000)
  object space 46592K, 29% used [0x00000000a0000000,0x00000000a0d85120,0x00000000a2d80000)
 Metaspace       used 34635K, capacity 35206K, committed 35416K, reserved 1079296K
  class space    used 4686K, capacity 4906K, committed 4992K, reserved 1048576K
}
Event: 7.948 GC heap before
{Heap before GC invocations=10 (full 2):
 PSYoungGen      total 151552K, used 7604K [0x00000000e0000000, 0x00000000ece80000, 0x0000000100000000)
  eden space 139264K, 0% used [0x00000000e0000000,0x00000000e0000000,0x00000000e8800000)
  from space 12288K, 61% used [0x00000000e9400000,0x00000000e9b6d330,0x00000000ea000000)
  to   space 12288K, 0% used [0x00000000e8800000,0x00000000e8800000,0x00000000e9400000)
 ParOldGen       total 46592K, used 13844K [0x00000000a0000000, 0x00000000a2d80000, 0x00000000e0000000)
  object space 46592K, 29% used [0x00000000a0000000,0x00000000a0d85120,0x00000000a2d80000)
 Metaspace       used 34635K, capacity 35206K, committed 35416K, reserved 1079296K
  class space    used 4686K, capacity 4906K, committed 4992K, reserved 1048576K
Event: 8.039 GC heap after
Heap after GC invocations=10 (full 2):
 PSYoungGen      total 151552K, used 0K [0x00000000e0000000, 0x00000000ece80000, 0x0000000100000000)
  eden space 139264K, 0% used [0x00000000e0000000,0x00000000e0000000,0x00000000e8800000)
  from space 12288K, 0% used [0x00000000e9400000,0x00000000e9400000,0x00000000ea000000)
  to   space 12288K, 0% used [0x00000000e8800000,0x00000000e8800000,0x00000000e9400000)
 ParOldGen       total 57344K, used 14172K [0x00000000a0000000, 0x00000000a3800000, 0x00000000e0000000)
  object space 57344K, 24% used [0x00000000a0000000,0x00000000a0dd7160,0x00000000a3800000)
 Metaspace       used 34635K, capacity 35206K, committed 35416K, reserved 1079296K
  class space    used 4686K, capacity 4906K, committed 4992K, reserved 1048576K
}
Event: 11.305 GC heap before
{Heap before GC invocations=11 (full 2):
 PSYoungGen      total 151552K, used 139264K [0x00000000e0000000, 0x00000000ece80000, 0x0000000100000000)
  eden space 139264K, 100% used [0x00000000e0000000,0x00000000e8800000,0x00000000e8800000)
  from space 12288K, 0% used [0x00000000e9400000,0x00000000e9400000,0x00000000ea000000)
  to   space 12288K, 0% used [0x00000000e8800000,0x00000000e8800000,0x00000000e9400000)
 ParOldGen       total 57344K, used 14172K [0x00000000a0000000, 0x00000000a3800000, 0x00000000e0000000)
  object space 57344K, 24% used [0x00000000a0000000,0x00000000a0dd7160,0x00000000a3800000)
 Metaspace       used 45528K, capacity 46382K, committed 46552K, reserved 1089536K
  class space    used 6100K, capacity 6385K, committed 6400K, reserved 1048576K
Event: 11.332 GC heap after
Heap after GC invocations=11 (full 2):
 PSYoungGen      total 151552K, used 12267K [0x00000000e0000000, 0x00000000ece00000, 0x0000000100000000)
  eden space 139264K, 0% used [0x00000000e0000000,0x00000000e0000000,0x00000000e8800000)
  from space 12288K, 99% used [0x00000000e8800000,0x00000000e93facd0,0x00000000e9400000)
  to   space 14848K, 0% used [0x00000000ebf80000,0x00000000ebf80000,0x00000000ece00000)
 ParOldGen       total 57344K, used 16310K [0x00000000a0000000, 0x00000000a3800000, 0x00000000e0000000)
  object space 57344K, 28% used [0x00000000a0000000,0x00000000a0fedbd0,0x00000000a3800000)
 Metaspace       used 45528K, capacity 46382K, committed 46552K, reserved 1089536K
  class space    used 6100K, capacity 6385K, committed 6400K, reserved 1048576K
}
Event: 15.971 GC heap before
{Heap before GC invocations=12 (full 2):
 PSYoungGen      total 151552K, used 134589K [0x00000000e0000000, 0x00000000ece00000, 0x0000000100000000)
  eden space 139264K, 87% used [0x00000000e0000000,0x00000000e77747f8,0x00000000e8800000)
  from space 12288K, 99% used [0x00000000e8800000,0x00000000e93facd0,0x00000000e9400000)
  to   space 14848K, 0% used [0x00000000ebf80000,0x00000000ebf80000,0x00000000ece00000)
 ParOldGen       total 57344K, used 16310K [0x00000000a0000000, 0x00000000a3800000, 0x00000000e0000000)
  object space 57344K, 28% used [0x00000000a0000000,0x00000000a0fedbd0,0x00000000a3800000)
 Metaspace       used 57424K, capacity 58966K, committed 59028K, reserved 1099776K
  class space    used 7734K, capacity 8169K, committed 8192K, reserved 1048576K
Event: 16.009 GC heap after
Heap after GC invocations=12 (full 2):
 PSYoungGen      total 191488K, used 14838K [0x00000000e0000000, 0x00000000ed300000, 0x0000000100000000)
  eden space 176640K, 0% used [0x00000000e0000000,0x00000000e0000000,0x00000000eac80000)
  from space 14848K, 99% used [0x00000000ebf80000,0x00000000ecdfd820,0x00000000ece00000)
  to   space 19456K, 0% used [0x00000000eac80000,0x00000000eac80000,0x00000000ebf80000)
 ParOldGen       total 57344K, used 22817K [0x00000000a0000000, 0x00000000a3800000, 0x00000000e0000000)
  object space 57344K, 39% used [0x00000000a0000000,0x00000000a1648478,0x00000000a3800000)
 Metaspace       used 57424K, capacity 58966K, committed 59028K, reserved 1099776K
  class space    used 7734K, capacity 8169K, committed 8192K, reserved 1048576K
}
Event: 16.009 GC heap before
{Heap before GC invocations=13 (full 3):
 PSYoungGen      total 191488K, used 14838K [0x00000000e0000000, 0x00000000ed300000, 0x0000000100000000)
  eden space 176640K, 0% used [0x00000000e0000000,0x00000000e0000000,0x00000000eac80000)
  from space 14848K, 99% used [0x00000000ebf80000,0x00000000ecdfd820,0x00000000ece00000)
  to   space 19456K, 0% used [0x00000000eac80000,0x00000000eac80000,0x00000000ebf80000)
 ParOldGen       total 57344K, used 22817K [0x00000000a0000000, 0x00000000a3800000, 0x00000000e0000000)
  object space 57344K, 39% used [0x00000000a0000000,0x00000000a1648478,0x00000000a3800000)
 Metaspace       used 57424K, capacity 58966K, committed 59028K, reserved 1099776K
  class space    used 7734K, capacity 8169K, committed 8192K, reserved 1048576K
Event: 16.266 GC heap after
Heap after GC invocations=13 (full 3):
 PSYoungGen      total 191488K, used 0K [0x00000000e0000000, 0x00000000ed300000, 0x0000000100000000)
  eden space 176640K, 0% used [0x00000000e0000000,0x00000000e0000000,0x00000000eac80000)
  from space 14848K, 0% used [0x00000000ebf80000,0x00000000ebf80000,0x00000000ece00000)
  to   space 19456K, 0% used [0x00000000eac80000,0x00000000eac80000,0x00000000ebf80000)
 ParOldGen       total 89600K, used 33586K [0x00000000a0000000, 0x00000000a5780000, 0x00000000e0000000)
  object space 89600K, 37% used [0x00000000a0000000,0x00000000a20cc888,0x00000000a5780000)
 Metaspace       used 57424K, capacity 58966K, committed 59028K, reserved 1099776K
  class space    used 7734K, capacity 8169K, committed 8192K, reserved 1048576K
}
Event: 67.678 GC heap before
{Heap before GC invocations=14 (full 3):
 PSYoungGen      total 191488K, used 176640K [0x00000000e0000000, 0x00000000ed300000, 0x0000000100000000)
  eden space 176640K, 100% used [0x00000000e0000000,0x00000000eac80000,0x00000000eac80000)
  from space 14848K, 0% used [0x00000000ebf80000,0x00000000ebf80000,0x00000000ece00000)
  to   space 19456K, 0% used [0x00000000eac80000,0x00000000eac80000,0x00000000ebf80000)
 ParOldGen       total 89600K, used 33586K [0x00000000a0000000, 0x00000000a5780000, 0x00000000e0000000)
  object space 89600K, 37% used [0x00000000a0000000,0x00000000a20cc888,0x00000000a5780000)
 Metaspace       used 62069K, capacity 64462K, committed 64600K, reserved 1105920K
  class space    used 8121K, capacity 8723K, committed 8832K, reserved 1048576K

