# JRE version: OpenJDK Runtime Environment (8.0_152-b01) (build 1.8.0_152-release-915-b01)
# Java VM: OpenJDK 64-Bit Server VM (25.152-b01 mixed mode linux-amd64 compressed oops)
Heap:
 PSYoungGen      total 157696K, used 12002K [0x00000000e0000000, 0x00000000eb780000, 0x0000000100000000)
  eden space 138752K, 0% used [0x00000000e0000000,0x00000000e0000000,0x00000000e8780000)
  from space 18944K, 63% used [0x00000000e8780000,0x00000000e9338a78,0x00000000e9a00000)
  to   space 15872K, 0% used [0x00000000e9a00000,0x00000000e9a00000,0x00000000ea980000)
 ParOldGen       total 83456K, used 30405K [0x00000000a0000000, 0x00000000a5180000, 0x00000000e0000000)
  object space 83456K, 36% used [0x00000000a0000000,0x00000000a1db1478,0x00000000a5180000)
 Metaspace       used 66539K, capacity 69177K, committed 69464K, reserved 1110016K
  class space    used 8855K, capacity 9501K, committed 9600K, reserved 1048576K
GC Heap History (10 events):
Event: 16.336 GC heap after
Heap after GC invocations=11 (full 2):
 PSYoungGen      total 98816K, used 0K [0x00000000e0000000, 0x00000000e8100000, 0x0000000100000000)
  eden space 88576K, 0% used [0x00000000e0000000,0x00000000e0000000,0x00000000e5680000)
  from space 10240K, 0% used [0x00000000e5680000,0x00000000e5680000,0x00000000e6080000)
  to   space 11264K, 0% used [0x00000000e7600000,0x00000000e7600000,0x00000000e8100000)
 ParOldGen       total 57344K, used 15350K [0x00000000a0000000, 0x00000000a3800000, 0x00000000e0000000)
  object space 57344K, 26% used [0x00000000a0000000,0x00000000a0efdbe0,0x00000000a3800000)
 Metaspace       used 34509K, capacity 35180K, committed 35416K, reserved 1079296K
  class space    used 4693K, capacity 4927K, committed 4992K, reserved 1048576K
}
Event: 21.133 GC heap before
{Heap before GC invocations=12 (full 2):
 PSYoungGen      total 98816K, used 88576K [0x00000000e0000000, 0x00000000e8100000, 0x0000000100000000)
  eden space 88576K, 100% used [0x00000000e0000000,0x00000000e5680000,0x00000000e5680000)
  from space 10240K, 0% used [0x00000000e5680000,0x00000000e5680000,0x00000000e6080000)
  to   space 11264K, 0% used [0x00000000e7600000,0x00000000e7600000,0x00000000e8100000)
 ParOldGen       total 57344K, used 15350K [0x00000000a0000000, 0x00000000a3800000, 0x00000000e0000000)
  object space 57344K, 26% used [0x00000000a0000000,0x00000000a0efdbe0,0x00000000a3800000)
 Metaspace       used 40434K, capacity 41192K, committed 41560K, reserved 1085440K
  class space    used 5384K, capacity 5639K, committed 5760K, reserved 1048576K
Event: 21.162 GC heap after
Heap after GC invocations=12 (full 2):
 PSYoungGen      total 119808K, used 9467K [0x00000000e0000000, 0x00000000e8300000, 0x0000000100000000)
  eden space 108544K, 0% used [0x00000000e0000000,0x00000000e0000000,0x00000000e6a00000)
  from space 11264K, 84% used [0x00000000e7600000,0x00000000e7f3ed30,0x00000000e8100000)
  to   space 12288K, 0% used [0x00000000e6a00000,0x00000000e6a00000,0x00000000e7600000)
 ParOldGen       total 57344K, used 15358K [0x00000000a0000000, 0x00000000a3800000, 0x00000000e0000000)
  object space 57344K, 26% used [0x00000000a0000000,0x00000000a0effbe0,0x00000000a3800000)
 Metaspace       used 40434K, capacity 41192K, committed 41560K, reserved 1085440K
  class space    used 5384K, capacity 5639K, committed 5760K, reserved 1048576K
}
Event: 24.536 GC heap before
{Heap before GC invocations=13 (full 2):
 PSYoungGen      total 119808K, used 118011K [0x00000000e0000000, 0x00000000e8300000, 0x0000000100000000)
  eden space 108544K, 100% used [0x00000000e0000000,0x00000000e6a00000,0x00000000e6a00000)
  from space 11264K, 84% used [0x00000000e7600000,0x00000000e7f3ed30,0x00000000e8100000)
  to   space 12288K, 0% used [0x00000000e6a00000,0x00000000e6a00000,0x00000000e7600000)
 ParOldGen       total 57344K, used 15358K [0x00000000a0000000, 0x00000000a3800000, 0x00000000e0000000)
  object space 57344K, 26% used [0x00000000a0000000,0x00000000a0effbe0,0x00000000a3800000)
 Metaspace       used 50338K, capacity 51904K, committed 52056K, reserved 1093632K
  class space    used 6835K, capacity 7250K, committed 7296K, reserved 1048576K
Event: 24.659 GC heap after
Heap after GC invocations=13 (full 2):
 PSYoungGen      total 120832K, used 12276K [0x00000000e0000000, 0x00000000ea980000, 0x0000000100000000)
  eden space 108544K, 0% used [0x00000000e0000000,0x00000000e0000000,0x00000000e6a00000)
  from space 12288K, 99% used [0x00000000e6a00000,0x00000000e75fd398,0x00000000e7600000)
  to   space 15872K, 0% used [0x00000000e9a00000,0x00000000e9a00000,0x00000000ea980000)
 ParOldGen       total 57344K, used 19946K [0x00000000a0000000, 0x00000000a3800000, 0x00000000e0000000)
  object space 57344K, 34% used [0x00000000a0000000,0x00000000a137a888,0x00000000a3800000)
 Metaspace       used 50338K, capacity 51904K, committed 52056K, reserved 1093632K
  class space    used 6835K, capacity 7250K, committed 7296K, reserved 1048576K
}
Event: 30.807 GC heap before
{Heap before GC invocations=14 (full 2):
 PSYoungGen      total 120832K, used 72620K [0x00000000e0000000, 0x00000000ea980000, 0x0000000100000000)
  eden space 108544K, 55% used [0x00000000e0000000,0x00000000e3aedfd8,0x00000000e6a00000)
  from space 12288K, 99% used [0x00000000e6a00000,0x00000000e75fd398,0x00000000e7600000)
  to   space 15872K, 0% used [0x00000000e9a00000,0x00000000e9a00000,0x00000000ea980000)
 ParOldGen       total 57344K, used 19946K [0x00000000a0000000, 0x00000000a3800000, 0x00000000e0000000)
  object space 57344K, 34% used [0x00000000a0000000,0x00000000a137a888,0x00000000a3800000)
 Metaspace       used 57096K, capacity 58893K, committed 59028K, reserved 1099776K
  class space    used 7720K, capacity 8192K, committed 8192K, reserved 1048576K
Event: 31.220 GC heap after
Heap after GC invocations=14 (full 2):
 PSYoungGen      total 154624K, used 15862K [0x00000000e0000000, 0x00000000eb780000, 0x0000000100000000)
  eden space 138752K, 0% used [0x00000000e0000000,0x00000000e0000000,0x00000000e8780000)
  from space 15872K, 99% used [0x00000000e9a00000,0x00000000ea97d820,0x00000000ea980000)
  to   space 18944K, 0% used [0x00000000e8780000,0x00000000e8780000,0x00000000e9a00000)
 ParOldGen       total 57344K, used 22014K [0x00000000a0000000, 0x00000000a3800000, 0x00000000e0000000)
  object space 57344K, 38% used [0x00000000a0000000,0x00000000a157fa40,0x00000000a3800000)
 Metaspace       used 57096K, capacity 58893K, committed 59028K, reserved 1099776K
  class space    used 7720K, capacity 8192K, committed 8192K, reserved 1048576K
}
Event: 31.220 GC heap before
{Heap before GC invocations=15 (full 3):
 PSYoungGen      total 154624K, used 15862K [0x00000000e0000000, 0x00000000eb780000, 0x0000000100000000)
  eden space 138752K, 0% used [0x00000000e0000000,0x00000000e0000000,0x00000000e8780000)
  from space 15872K, 99% used [0x00000000e9a00000,0x00000000ea97d820,0x00000000ea980000)
  to   space 18944K, 0% used [0x00000000e8780000,0x00000000e8780000,0x00000000e9a00000)
 ParOldGen       total 57344K, used 22014K [0x00000000a0000000, 0x00000000a3800000, 0x00000000e0000000)
  object space 57344K, 38% used [0x00000000a0000000,0x00000000a157fa40,0x00000000a3800000)
 Metaspace       used 57096K, capacity 58893K, committed 59028K, reserved 1099776K
  class space    used 7720K, capacity 8192K, committed 8192K, reserved 1048576K
Event: 31.744 GC heap after
Heap after GC invocations=15 (full 3):
 PSYoungGen      total 154624K, used 0K [0x00000000e0000000, 0x00000000eb780000, 0x0000000100000000)
  eden space 138752K, 0% used [0x00000000e0000000,0x00000000e0000000,0x00000000e8780000)
  from space 15872K, 0% used [0x00000000e9a00000,0x00000000e9a00000,0x00000000ea980000)
  to   space 18944K, 0% used [0x00000000e8780000,0x00000000e8780000,0x00000000e9a00000)
 ParOldGen       total 83456K, used 30405K [0x00000000a0000000, 0x00000000a5180000, 0x00000000e0000000)
  object space 83456K, 36% used [0x00000000a0000000,0x00000000a1db1478,0x00000000a5180000)
 Metaspace       used 57096K, capacity 58893K, committed 59028K, reserved 1099776K
  class space    used 7720K, capacity 8192K, committed 8192K, reserved 1048576K
}
Event: 240.094 GC heap before
{Heap before GC invocations=16 (full 3):
 PSYoungGen      total 154624K, used 138752K [0x00000000e0000000, 0x00000000eb780000, 0x0000000100000000)
  eden space 138752K, 100% used [0x00000000e0000000,0x00000000e8780000,0x00000000e8780000)
  from space 15872K, 0% used [0x00000000e9a00000,0x00000000e9a00000,0x00000000ea980000)
  to   space 18944K, 0% used [0x00000000e8780000,0x00000000e8780000,0x00000000e9a00000)
 ParOldGen       total 83456K, used 30405K [0x00000000a0000000, 0x00000000a5180000, 0x00000000e0000000)
  object space 83456K, 36% used [0x00000000a0000000,0x00000000a1db1478,0x00000000a5180000)
 Metaspace       used 66539K, capacity 69177K, committed 69464K, reserved 1110016K
  class space    used 8855K, capacity 9501K, committed 9600K, reserved 1048576K

