# JRE version: OpenJDK Runtime Environment (8.0_152-b01) (build 1.8.0_152-release-915-b01)
# Java VM: OpenJDK 64-Bit Server VM (25.152-b01 mixed mode linux-amd64 compressed oops)
Heap:
 PSYoungGen      total 189952K, used 16258K [0x00000000e0000000, 0x00000000ecf80000, 0x0000000100000000)
  eden space 175616K, 2% used [0x00000000e0000000,0x00000000e0502c10,0x00000000eab80000)
  from space 14336K, 77% used [0x00000000ec180000,0x00000000ecc5dc40,0x00000000ecf80000)
  to   space 18432K, 0% used [0x00000000eab80000,0x00000000eab80000,0x00000000ebd80000)
 ParOldGen       total 98816K, used 33558K [0x00000000a0000000, 0x00000000a6080000, 0x00000000e0000000)
  object space 98816K, 33% used [0x00000000a0000000,0x00000000a20c5938,0x00000000a6080000)
 Metaspace       used 68163K, capacity 71060K, committed 71128K, reserved 1110016K
  class space    used 8971K, capacity 9676K, committed 9728K, reserved 1048576K
GC Heap History (10 events):
Event: 10.191 GC heap before
{Heap before GC invocations=11 (full 2):
 PSYoungGen      total 146944K, used 135680K [0x00000000e0000000, 0x00000000eca80000, 0x0000000100000000)
  eden space 135680K, 100% used [0x00000000e0000000,0x00000000e8480000,0x00000000e8480000)
  from space 11264K, 0% used [0x00000000e9000000,0x00000000e9000000,0x00000000e9b00000)
  to   space 11776K, 0% used [0x00000000e8480000,0x00000000e8480000,0x00000000e9000000)
 ParOldGen       total 61952K, used 14552K [0x00000000a0000000, 0x00000000a3c80000, 0x00000000e0000000)
  object space 61952K, 23% used [0x00000000a0000000,0x00000000a0e36020,0x00000000a3c80000)
 Metaspace       used 45631K, capacity 46456K, committed 46808K, reserved 1089536K
  class space    used 6093K, capacity 6376K, committed 6400K, reserved 1048576K
Event: 10.222 GC heap after
Heap after GC invocations=11 (full 2):
 PSYoungGen      total 147456K, used 11744K [0x00000000e0000000, 0x00000000eb680000, 0x0000000100000000)
  eden space 135680K, 0% used [0x00000000e0000000,0x00000000e0000000,0x00000000e8480000)
  from space 11776K, 99% used [0x00000000e8480000,0x00000000e8ff83c8,0x00000000e9000000)
  to   space 14336K, 0% used [0x00000000ea880000,0x00000000ea880000,0x00000000eb680000)
 ParOldGen       total 61952K, used 17114K [0x00000000a0000000, 0x00000000a3c80000, 0x00000000e0000000)
  object space 61952K, 27% used [0x00000000a0000000,0x00000000a10b6878,0x00000000a3c80000)
 Metaspace       used 45631K, capacity 46456K, committed 46808K, reserved 1089536K
  class space    used 6093K, capacity 6376K, committed 6400K, reserved 1048576K
}
Event: 14.425 GC heap before
{Heap before GC invocations=12 (full 2):
 PSYoungGen      total 147456K, used 130207K [0x00000000e0000000, 0x00000000eb680000, 0x0000000100000000)
  eden space 135680K, 87% used [0x00000000e0000000,0x00000000e73af868,0x00000000e8480000)
  from space 11776K, 99% used [0x00000000e8480000,0x00000000e8ff83c8,0x00000000e9000000)
  to   space 14336K, 0% used [0x00000000ea880000,0x00000000ea880000,0x00000000eb680000)
 ParOldGen       total 61952K, used 17114K [0x00000000a0000000, 0x00000000a3c80000, 0x00000000e0000000)
  object space 61952K, 27% used [0x00000000a0000000,0x00000000a10b6878,0x00000000a3c80000)
 Metaspace       used 57363K, capacity 58932K, committed 59028K, reserved 1099776K
  class space    used 7755K, capacity 8176K, committed 8192K, reserved 1048576K
Event: 14.545 GC heap after
Heap after GC invocations=12 (full 2):
 PSYoungGen      total 167936K, used 14326K [0x00000000e0000000, 0x00000000ec380000, 0x0000000100000000)
  eden space 153600K, 0% used [0x00000000e0000000,0x00000000e0000000,0x00000000e9600000)
  from space 14336K, 99% used [0x00000000ea880000,0x00000000eb67da18,0x00000000eb680000)
  to   space 18944K, 0% used [0x00000000e9600000,0x00000000e9600000,0x00000000ea880000)
 ParOldGen       total 61952K, used 24591K [0x00000000a0000000, 0x00000000a3c80000, 0x00000000e0000000)
  object space 61952K, 39% used [0x00000000a0000000,0x00000000a1803db0,0x00000000a3c80000)
 Metaspace       used 57363K, capacity 58932K, committed 59028K, reserved 1099776K
  class space    used 7755K, capacity 8176K, committed 8192K, reserved 1048576K
}
Event: 14.545 GC heap before
{Heap before GC invocations=13 (full 3):
 PSYoungGen      total 167936K, used 14326K [0x00000000e0000000, 0x00000000ec380000, 0x0000000100000000)
  eden space 153600K, 0% used [0x00000000e0000000,0x00000000e0000000,0x00000000e9600000)
  from space 14336K, 99% used [0x00000000ea880000,0x00000000eb67da18,0x00000000eb680000)
  to   space 18944K, 0% used [0x00000000e9600000,0x00000000e9600000,0x00000000ea880000)
 ParOldGen       total 61952K, used 24591K [0x00000000a0000000, 0x00000000a3c80000, 0x00000000e0000000)
  object space 61952K, 39% used [0x00000000a0000000,0x00000000a1803db0,0x00000000a3c80000)
 Metaspace       used 57363K, capacity 58932K, committed 59028K, reserved 1099776K
  class space    used 7755K, capacity 8176K, committed 8192K, reserved 1048576K
Event: 14.739 GC heap after
Heap after GC invocations=13 (full 3):
 PSYoungGen      total 167936K, used 0K [0x00000000e0000000, 0x00000000ec380000, 0x0000000100000000)
  eden space 153600K, 0% used [0x00000000e0000000,0x00000000e0000000,0x00000000e9600000)
  from space 14336K, 0% used [0x00000000ea880000,0x00000000ea880000,0x00000000eb680000)
  to   space 18944K, 0% used [0x00000000e9600000,0x00000000e9600000,0x00000000ea880000)
 ParOldGen       total 98816K, used 33542K [0x00000000a0000000, 0x00000000a6080000, 0x00000000e0000000)
  object space 98816K, 33% used [0x00000000a0000000,0x00000000a20c1938,0x00000000a6080000)
 Metaspace       used 57363K, capacity 58932K, committed 59028K, reserved 1099776K
  class space    used 7755K, capacity 8176K, committed 8192K, reserved 1048576K
}
Event: 351.332 GC heap before
{Heap before GC invocations=14 (full 3):
 PSYoungGen      total 167936K, used 153600K [0x00000000e0000000, 0x00000000ec380000, 0x0000000100000000)
  eden space 153600K, 100% used [0x00000000e0000000,0x00000000e9600000,0x00000000e9600000)
  from space 14336K, 0% used [0x00000000ea880000,0x00000000ea880000,0x00000000eb680000)
  to   space 18944K, 0% used [0x00000000e9600000,0x00000000e9600000,0x00000000ea880000)
 ParOldGen       total 98816K, used 33542K [0x00000000a0000000, 0x00000000a6080000, 0x00000000e0000000)
  object space 98816K, 33% used [0x00000000a0000000,0x00000000a20c1938,0x00000000a6080000)
 Metaspace       used 61866K, capacity 64274K, committed 64600K, reserved 1105920K
  class space    used 8122K, capacity 8723K, committed 8832K, reserved 1048576K
Event: 351.368 GC heap after
Heap after GC invocations=14 (full 3):
 PSYoungGen      total 172544K, used 5927K [0x00000000e0000000, 0x00000000ed380000, 0x0000000100000000)
  eden space 153600K, 0% used [0x00000000e0000000,0x00000000e0000000,0x00000000e9600000)
  from space 18944K, 31% used [0x00000000e9600000,0x00000000e9bc9cd8,0x00000000ea880000)
  to   space 18432K, 0% used [0x00000000ec180000,0x00000000ec180000,0x00000000ed380000)
 ParOldGen       total 98816K, used 33550K [0x00000000a0000000, 0x00000000a6080000, 0x00000000e0000000)
  object space 98816K, 33% used [0x00000000a0000000,0x00000000a20c3938,0x00000000a6080000)
 Metaspace       used 61866K, capacity 64274K, committed 64600K, reserved 1105920K
  class space    used 8122K, capacity 8723K, committed 8832K, reserved 1048576K
}
Event: 1063.416 GC heap before
{Heap before GC invocations=15 (full 3):
 PSYoungGen      total 172544K, used 159527K [0x00000000e0000000, 0x00000000ed380000, 0x0000000100000000)
  eden space 153600K, 100% used [0x00000000e0000000,0x00000000e9600000,0x00000000e9600000)
  from space 18944K, 31% used [0x00000000e9600000,0x00000000e9bc9cd8,0x00000000ea880000)
  to   space 18432K, 0% used [0x00000000ec180000,0x00000000ec180000,0x00000000ed380000)
 ParOldGen       total 98816K, used 33550K [0x00000000a0000000, 0x00000000a6080000, 0x00000000e0000000)
  object space 98816K, 33% used [0x00000000a0000000,0x00000000a20c3938,0x00000000a6080000)
 Metaspace       used 68162K, capacity 71060K, committed 71128K, reserved 1110016K
  class space    used 8971K, capacity 9676K, committed 9728K, reserved 1048576K
Event: 1064.285 GC heap after
Heap after GC invocations=15 (full 3):
 PSYoungGen      total 189952K, used 11127K [0x00000000e0000000, 0x00000000ecf80000, 0x0000000100000000)
  eden space 175616K, 0% used [0x00000000e0000000,0x00000000e0000000,0x00000000eab80000)
  from space 14336K, 77% used [0x00000000ec180000,0x00000000ecc5dc40,0x00000000ecf80000)
  to   space 18432K, 0% used [0x00000000eab80000,0x00000000eab80000,0x00000000ebd80000)
 ParOldGen       total 98816K, used 33558K [0x00000000a0000000, 0x00000000a6080000, 0x00000000e0000000)
  object space 98816K, 33% used [0x00000000a0000000,0x00000000a20c5938,0x00000000a6080000)
 Metaspace       used 68162K, capacity 71060K, committed 71128K, reserved 1110016K
  class space    used 8971K, capacity 9676K, committed 9728K, reserved 1048576K
}

