# JRE version: OpenJDK Runtime Environment (8.0_152-b01) (build 1.8.0_152-release-915-b01)
# Java VM: OpenJDK 64-Bit Server VM (25.152-b01 mixed mode linux-amd64 compressed oops)
Heap:
 PSYoungGen      total 241664K, used 20990K [0x00000000eab00000, 0x00000000fb680000, 0x0000000100000000)
  eden space 220672K, 0% used [0x00000000eab00000,0x00000000eab00000,0x00000000f8280000)
  from space 20992K, 99% used [0x00000000f8280000,0x00000000f96ff9e8,0x00000000f9700000)
  to   space 14336K, 0% used [0x00000000f9700000,0x00000000f9700000,0x00000000fa500000)
 ParOldGen       total 82944K, used 41842K [0x00000000c0000000, 0x00000000c5100000, 0x00000000eab00000)
  object space 82944K, 50% used [0x00000000c0000000,0x00000000c28dc898,0x00000000c5100000)
 Metaspace       used 62875K, capacity 65848K, committed 66048K, reserved 1105920K
  class space    used 8463K, capacity 9173K, committed 9216K, reserved 1048576K
GC Heap History (10 events):
Event: 9.242 GC heap after
Heap after GC invocations=11 (full 1):
 PSYoungGen      total 173056K, used 5614K [0x00000000eab00000, 0x00000000f6a00000, 0x0000000100000000)
  eden space 162304K, 0% used [0x00000000eab00000,0x00000000eab00000,0x00000000f4980000)
  from space 10752K, 52% used [0x00000000f5380000,0x00000000f58fbb78,0x00000000f5e00000)
  to   space 10240K, 0% used [0x00000000f4980000,0x00000000f4980000,0x00000000f5380000)
 ParOldGen       total 33280K, used 14734K [0x00000000c0000000, 0x00000000c2080000, 0x00000000eab00000)
  object space 33280K, 44% used [0x00000000c0000000,0x00000000c0e639c8,0x00000000c2080000)
 Metaspace       used 34527K, capacity 35266K, committed 35416K, reserved 1079296K
  class space    used 4713K, capacity 5045K, committed 5120K, reserved 1048576K
}
Event: 9.242 GC heap before
{Heap before GC invocations=12 (full 2):
 PSYoungGen      total 173056K, used 5614K [0x00000000eab00000, 0x00000000f6a00000, 0x0000000100000000)
  eden space 162304K, 0% used [0x00000000eab00000,0x00000000eab00000,0x00000000f4980000)
  from space 10752K, 52% used [0x00000000f5380000,0x00000000f58fbb78,0x00000000f5e00000)
  to   space 10240K, 0% used [0x00000000f4980000,0x00000000f4980000,0x00000000f5380000)
 ParOldGen       total 33280K, used 14734K [0x00000000c0000000, 0x00000000c2080000, 0x00000000eab00000)
  object space 33280K, 44% used [0x00000000c0000000,0x00000000c0e639c8,0x00000000c2080000)
 Metaspace       used 34527K, capacity 35266K, committed 35416K, reserved 1079296K
  class space    used 4713K, capacity 5045K, committed 5120K, reserved 1048576K
Event: 9.309 GC heap after
Heap after GC invocations=12 (full 2):
 PSYoungGen      total 173056K, used 0K [0x00000000eab00000, 0x00000000f6a00000, 0x0000000100000000)
  eden space 162304K, 0% used [0x00000000eab00000,0x00000000eab00000,0x00000000f4980000)
  from space 10752K, 0% used [0x00000000f5380000,0x00000000f5380000,0x00000000f5e00000)
  to   space 10240K, 0% used [0x00000000f4980000,0x00000000f4980000,0x00000000f5380000)
 ParOldGen       total 44032K, used 14784K [0x00000000c0000000, 0x00000000c2b00000, 0x00000000eab00000)
  object space 44032K, 33% used [0x00000000c0000000,0x00000000c0e700b8,0x00000000c2b00000)
 Metaspace       used 34527K, capacity 35266K, committed 35416K, reserved 1079296K
  class space    used 4713K, capacity 5045K, committed 5120K, reserved 1048576K
}
Event: 12.680 GC heap before
{Heap before GC invocations=13 (full 2):
 PSYoungGen      total 173056K, used 162304K [0x00000000eab00000, 0x00000000f6a00000, 0x0000000100000000)
  eden space 162304K, 100% used [0x00000000eab00000,0x00000000f4980000,0x00000000f4980000)
  from space 10752K, 0% used [0x00000000f5380000,0x00000000f5380000,0x00000000f5e00000)
  to   space 10240K, 0% used [0x00000000f4980000,0x00000000f4980000,0x00000000f5380000)
 ParOldGen       total 44032K, used 14784K [0x00000000c0000000, 0x00000000c2b00000, 0x00000000eab00000)
  object space 44032K, 33% used [0x00000000c0000000,0x00000000c0e700b8,0x00000000c2b00000)
 Metaspace       used 48044K, capacity 49254K, committed 49408K, reserved 1091584K
  class space    used 6455K, capacity 6824K, committed 6912K, reserved 1048576K
Event: 12.707 GC heap after
Heap after GC invocations=13 (full 2):
 PSYoungGen      total 172544K, used 10223K [0x00000000eab00000, 0x00000000fa500000, 0x0000000100000000)
  eden space 162304K, 0% used [0x00000000eab00000,0x00000000eab00000,0x00000000f4980000)
  from space 10240K, 99% used [0x00000000f4980000,0x00000000f537bd40,0x00000000f5380000)
  to   space 14336K, 0% used [0x00000000f9700000,0x00000000f9700000,0x00000000fa500000)
 ParOldGen       total 44032K, used 21196K [0x00000000c0000000, 0x00000000c2b00000, 0x00000000eab00000)
  object space 44032K, 48% used [0x00000000c0000000,0x00000000c14b30b0,0x00000000c2b00000)
 Metaspace       used 48044K, capacity 49254K, committed 49408K, reserved 1091584K
  class space    used 6455K, capacity 6824K, committed 6912K, reserved 1048576K
}
Event: 16.215 GC heap before
{Heap before GC invocations=14 (full 2):
 PSYoungGen      total 172544K, used 172527K [0x00000000eab00000, 0x00000000fa500000, 0x0000000100000000)
  eden space 162304K, 100% used [0x00000000eab00000,0x00000000f4980000,0x00000000f4980000)
  from space 10240K, 99% used [0x00000000f4980000,0x00000000f537bd40,0x00000000f5380000)
  to   space 14336K, 0% used [0x00000000f9700000,0x00000000f9700000,0x00000000fa500000)
 ParOldGen       total 44032K, used 21196K [0x00000000c0000000, 0x00000000c2b00000, 0x00000000eab00000)
  object space 44032K, 48% used [0x00000000c0000000,0x00000000c14b30b0,0x00000000c2b00000)
 Metaspace       used 53942K, capacity 55986K, committed 56192K, reserved 1097728K
  class space    used 7430K, capacity 7960K, committed 8064K, reserved 1048576K
Event: 16.433 GC heap after
Heap after GC invocations=14 (full 2):
 PSYoungGen      total 235008K, used 14336K [0x00000000eab00000, 0x00000000fb680000, 0x0000000100000000)
  eden space 220672K, 0% used [0x00000000eab00000,0x00000000eab00000,0x00000000f8280000)
  from space 14336K, 100% used [0x00000000f9700000,0x00000000fa500000,0x00000000fa500000)
  to   space 20992K, 0% used [0x00000000f8280000,0x00000000f8280000,0x00000000f9700000)
 ParOldGen       total 44032K, used 34426K [0x00000000c0000000, 0x00000000c2b00000, 0x00000000eab00000)
  object space 44032K, 78% used [0x00000000c0000000,0x00000000c219e830,0x00000000c2b00000)
 Metaspace       used 53942K, capacity 55986K, committed 56192K, reserved 1097728K
  class space    used 7430K, capacity 7960K, committed 8064K, reserved 1048576K
}
Event: 16.433 GC heap before
{Heap before GC invocations=15 (full 3):
 PSYoungGen      total 235008K, used 14336K [0x00000000eab00000, 0x00000000fb680000, 0x0000000100000000)
  eden space 220672K, 0% used [0x00000000eab00000,0x00000000eab00000,0x00000000f8280000)
  from space 14336K, 100% used [0x00000000f9700000,0x00000000fa500000,0x00000000fa500000)
  to   space 20992K, 0% used [0x00000000f8280000,0x00000000f8280000,0x00000000f9700000)
 ParOldGen       total 44032K, used 34426K [0x00000000c0000000, 0x00000000c2b00000, 0x00000000eab00000)
  object space 44032K, 78% used [0x00000000c0000000,0x00000000c219e830,0x00000000c2b00000)
 Metaspace       used 53942K, capacity 55986K, committed 56192K, reserved 1097728K
  class space    used 7430K, capacity 7960K, committed 8064K, reserved 1048576K
Event: 16.887 GC heap after
Heap after GC invocations=15 (full 3):
 PSYoungGen      total 235008K, used 0K [0x00000000eab00000, 0x00000000fb680000, 0x0000000100000000)
  eden space 220672K, 0% used [0x00000000eab00000,0x00000000eab00000,0x00000000f8280000)
  from space 14336K, 0% used [0x00000000f9700000,0x00000000f9700000,0x00000000fa500000)
  to   space 20992K, 0% used [0x00000000f8280000,0x00000000f8280000,0x00000000f9700000)
 ParOldGen       total 82944K, used 41020K [0x00000000c0000000, 0x00000000c5100000, 0x00000000eab00000)
  object space 82944K, 49% used [0x00000000c0000000,0x00000000c280f218,0x00000000c5100000)
 Metaspace       used 53942K, capacity 55986K, committed 56192K, reserved 1097728K
  class space    used 7430K, capacity 7960K, committed 8064K, reserved 1048576K
}
Event: 77.877 GC heap before
{Heap before GC invocations=16 (full 3):
 PSYoungGen      total 235008K, used 220672K [0x00000000eab00000, 0x00000000fb680000, 0x0000000100000000)
  eden space 220672K, 100% used [0x00000000eab00000,0x00000000f8280000,0x00000000f8280000)
  from space 14336K, 0% used [0x00000000f9700000,0x00000000f9700000,0x00000000fa500000)
  to   space 20992K, 0% used [0x00000000f8280000,0x00000000f8280000,0x00000000f9700000)
 ParOldGen       total 82944K, used 41020K [0x00000000c0000000, 0x00000000c5100000, 0x00000000eab00000)
  object space 82944K, 49% used [0x00000000c0000000,0x00000000c280f218,0x00000000c5100000)
 Metaspace       used 62875K, capacity 65848K, committed 66048K, reserved 1105920K
  class space    used 8463K, capacity 9173K, committed 9216K, reserved 1048576K

